2025-08-10 23:55:45,738 | INFO | DB/Redis 연결 점검...
2025-08-10 23:55:45,991 | INFO | DB/Redis OK
2025-08-10 23:55:45,991 | INFO | ▶ 메인 DB → AI DB 적재 시작
2025-08-10 23:55:46,565 | INFO | ✔ 메인 DB → AI DB 적재 완료 (0.57s)
2025-08-10 23:55:46,565 | INFO | ▶ interactions.csv 생성 시작
2025-08-10 23:55:46,632 | INFO | ✔ interactions.csv 생성 완료 (0.07s)
2025-08-10 23:55:46,632 | INFO | ▶ 유저 피처 인코딩 시작
2025-08-10 23:55:46,677 | INFO | ✔ 유저 피처 인코딩 완료 (0.05s)
2025-08-10 23:55:46,677 | INFO | ▶ 프로젝트 피처 인코딩 시작
2025-08-10 23:55:46,816 | INFO | ✔ 프로젝트 피처 인코딩 완료 (0.14s)
2025-08-10 23:55:46,816 | INFO | ▶ 모델 학습 시작
2025-08-10 23:55:54,375 | INFO | ✔ 모델 학습 완료 (7.56s)
2025-08-10 23:55:54,375 | INFO | ▶ 추론 → Redis 캐시 업데이트 시작
2025-08-10 23:55:54,442 | INFO | ✔ 추론 → Redis 캐시 업데이트 완료 (0.07s)
2025-08-10 23:55:54,450 | INFO | Redis 샘플 키 'recs:0' zcard=12
2025-08-10 23:55:54,451 | INFO | 종료
2025-08-10 23:57:28,150 | INFO | DB/Redis 연결 점검...
2025-08-10 23:57:28,251 | INFO | DB/Redis OK
2025-08-10 23:57:28,251 | INFO | ▶ 메인 DB → AI DB 적재 시작
2025-08-10 23:57:28,594 | INFO | ✔ 메인 DB → AI DB 적재 완료 (0.34s)
2025-08-10 23:57:28,594 | INFO | ▶ interactions.csv 생성 시작
2025-08-10 23:57:28,647 | INFO | ✔ interactions.csv 생성 완료 (0.05s)
2025-08-10 23:57:28,647 | INFO | ▶ 유저 피처 인코딩 시작
2025-08-10 23:57:28,696 | INFO | ✔ 유저 피처 인코딩 완료 (0.05s)
2025-08-10 23:57:28,697 | INFO | ▶ 프로젝트 피처 인코딩 시작
2025-08-10 23:57:28,835 | INFO | ✔ 프로젝트 피처 인코딩 완료 (0.14s)
2025-08-10 23:57:28,836 | INFO | ▶ 모델 학습 시작
2025-08-10 23:57:32,540 | INFO | ✔ 모델 학습 완료 (3.70s)
2025-08-10 23:57:32,540 | INFO | ▶ 추론 → Redis 캐시 업데이트 시작
2025-08-10 23:57:32,591 | INFO | ✔ 추론 → Redis 캐시 업데이트 완료 (0.05s)
2025-08-10 23:57:32,600 | INFO | Redis 샘플 키 'recs:0' zcard=12
2025-08-10 23:57:32,601 | INFO | 종료
2025-08-11 02:07:00,690 | INFO | DB/Redis 연결 점검...
2025-08-11 02:07:00,765 | INFO | DB/Redis OK
2025-08-11 02:07:00,765 | INFO | ▶ 메인 DB → AI DB 적재 시작
2025-08-11 02:07:01,130 | INFO | ✔ 메인 DB → AI DB 적재 완료 (0.37s)
2025-08-11 02:07:01,130 | INFO | ▶ interactions.csv 생성 시작
2025-08-11 02:07:01,196 | INFO | ✔ interactions.csv 생성 완료 (0.07s)
2025-08-11 02:07:01,196 | INFO | ▶ 유저 피처 인코딩 시작
2025-08-11 02:07:01,240 | INFO | ✔ 유저 피처 인코딩 완료 (0.04s)
2025-08-11 02:07:01,240 | INFO | ▶ 프로젝트 피처 인코딩 시작
2025-08-11 02:07:01,425 | INFO | ✔ 프로젝트 피처 인코딩 완료 (0.19s)
2025-08-11 02:07:01,426 | INFO | ▶ 모델 학습 시작
2025-08-11 02:07:05,162 | INFO | ✔ 모델 학습 완료 (3.74s)
2025-08-11 02:07:05,163 | INFO | ▶ 추론 → Redis 캐시 업데이트 시작
2025-08-11 02:07:05,244 | INFO | ✔ 추론 → Redis 캐시 업데이트 완료 (0.08s)
2025-08-11 02:07:05,250 | INFO | Redis 샘플 키 'recs:0' zcard=12
2025-08-11 02:07:05,250 | INFO | 종료
2025-08-16 03:02:36,108 | INFO | DB/Redis 연결 점검...
2025-08-16 03:04:44,865 | INFO | DB/Redis 연결 점검...
2025-08-16 03:04:45,000 | INFO | DB/Redis OK
2025-08-16 03:04:45,000 | INFO | ▶ 메인 DB → AI DB 적재 시작
2025-08-16 03:04:45,488 | INFO | ✔ 메인 DB → AI DB 적재 완료 (0.49s)
2025-08-16 03:04:45,488 | INFO | ▶ interactions.csv 생성 시작
2025-08-16 03:04:45,546 | INFO | ✔ interactions.csv 생성 완료 (0.06s)
2025-08-16 03:04:45,546 | INFO | ▶ 유저 피처 인코딩 시작
2025-08-16 03:04:45,607 | INFO | ✔ 유저 피처 인코딩 완료 (0.06s)
2025-08-16 03:04:45,607 | INFO | ▶ 프로젝트 피처 인코딩 시작
2025-08-16 03:04:45,754 | INFO | ✔ 프로젝트 피처 인코딩 완료 (0.15s)
2025-08-16 03:04:45,754 | INFO | ▶ 모델 학습 시작
2025-08-16 03:04:54,851 | INFO | ✔ 모델 학습 완료 (9.10s)
2025-08-16 03:04:54,851 | INFO | ▶ 추론 → Redis 캐시 업데이트 시작
2025-08-16 03:04:55,073 | INFO | ✔ 추론 → Redis 캐시 업데이트 완료 (0.22s)
2025-08-16 03:04:55,081 | INFO | Redis 샘플 키 'recs:0' zcard=12
2025-08-16 03:04:55,082 | INFO | 종료
2025-08-16 05:33:14,568 | INFO | DB/Redis 연결 점검...
2025-08-16 05:33:14,763 | INFO | DB/Redis OK
2025-08-16 05:33:14,763 | INFO | ▶ 메인 DB → AI DB 적재 시작
2025-08-16 05:33:15,317 | INFO | ✔ 메인 DB → AI DB 적재 완료 (0.55s)
2025-08-16 05:33:15,317 | INFO | ▶ interactions.csv 생성 시작
2025-08-16 05:33:15,361 | INFO | ✔ interactions.csv 생성 완료 (0.04s)
2025-08-16 05:33:15,361 | INFO | ▶ 유저 피처 인코딩 시작
2025-08-16 05:33:15,400 | INFO | ✔ 유저 피처 인코딩 완료 (0.04s)
2025-08-16 05:33:15,400 | INFO | ▶ 프로젝트 피처 인코딩 시작
2025-08-16 05:33:15,437 | INFO | ✔ 프로젝트 피처 인코딩 완료 (0.04s)
2025-08-16 05:33:15,438 | INFO | ▶ 모델 학습 시작
2025-08-16 05:33:18,892 | INFO | ✔ 모델 학습 완료 (3.45s)
2025-08-16 05:33:18,892 | INFO | ▶ 추론 → Redis 캐시 업데이트 시작
2025-08-16 05:33:19,085 | INFO | ✔ 추론 → Redis 캐시 업데이트 완료 (0.19s)
2025-08-16 05:33:19,091 | INFO | Redis 샘플 키 'recs:0' zcard=12
2025-08-16 05:33:19,091 | INFO | 종료
2025-08-16 05:50:20,247 | INFO | DB/Redis 연결 점검...
2025-08-16 05:50:20,386 | INFO | DB/Redis OK
2025-08-16 05:50:20,386 | INFO | ▶ 메인 DB → AI DB 적재 시작
2025-08-16 05:50:20,753 | INFO | ✔ 메인 DB → AI DB 적재 완료 (0.37s)
2025-08-16 05:50:20,753 | INFO | ▶ interactions.csv 생성 시작
2025-08-16 05:50:20,865 | INFO | ✔ interactions.csv 생성 완료 (0.11s)
2025-08-16 05:50:20,866 | INFO | ▶ 유저 피처 인코딩 시작
2025-08-16 05:50:20,905 | INFO | ✔ 유저 피처 인코딩 완료 (0.04s)
2025-08-16 05:50:20,905 | INFO | ▶ 프로젝트 피처 인코딩 시작
2025-08-16 05:50:20,942 | INFO | ✔ 프로젝트 피처 인코딩 완료 (0.04s)
2025-08-16 05:50:20,943 | INFO | ▶ 모델 학습 시작
2025-08-16 05:50:24,043 | INFO | ✔ 모델 학습 완료 (3.10s)
2025-08-16 05:50:24,043 | INFO | ▶ 추론 → Redis 캐시 업데이트 시작
2025-08-16 05:50:24,245 | INFO | ✔ 추론 → Redis 캐시 업데이트 완료 (0.20s)
2025-08-16 05:50:24,252 | INFO | Redis 샘플 키 'recs:0' zcard=12
2025-08-16 05:50:24,252 | INFO | 종료
2025-08-16 16:12:06,180 | INFO | DB/Redis 연결 점검...
2025-08-16 16:12:06,525 | INFO | DB/Redis OK
2025-08-16 16:12:06,526 | INFO | ▶ 메인 DB → AI DB 적재 시작
2025-08-16 16:12:07,017 | INFO | ✔ 메인 DB → AI DB 적재 완료 (0.49s)
2025-08-16 16:12:07,017 | INFO | ▶ interactions.csv 생성 시작
2025-08-16 16:12:07,142 | INFO | ✔ interactions.csv 생성 완료 (0.12s)
2025-08-16 16:12:07,142 | INFO | ▶ 유저 피처 인코딩 시작
2025-08-16 16:12:07,189 | INFO | ✔ 유저 피처 인코딩 완료 (0.05s)
2025-08-16 16:12:07,189 | INFO | ▶ 프로젝트 피처 인코딩 시작
2025-08-16 16:12:07,229 | INFO | ✔ 프로젝트 피처 인코딩 완료 (0.04s)
2025-08-16 16:12:07,229 | INFO | ▶ 모델 학습 시작
2025-08-16 16:12:13,023 | INFO | ✔ 모델 학습 완료 (5.79s)
2025-08-16 16:12:13,023 | INFO | ▶ 추론 → Redis 캐시 업데이트 시작
2025-08-16 16:12:13,221 | INFO | ✔ 추론 → Redis 캐시 업데이트 완료 (0.20s)
2025-08-16 16:12:13,226 | INFO | Redis 샘플 키 'recs:0' zcard=12
2025-08-16 16:12:13,226 | INFO | 종료
2025-08-16 18:44:29,361 | INFO | DB/Redis 연결 점검...
2025-08-16 18:44:29,734 | INFO | DB/Redis OK
2025-08-16 18:44:29,734 | INFO | ▶ 메인 DB → AI DB 적재 시작
2025-08-16 18:44:30,312 | INFO | ✔ 메인 DB → AI DB 적재 완료 (0.58s)
2025-08-16 18:44:30,312 | INFO | ▶ interactions.csv 생성 시작
2025-08-16 18:44:30,502 | INFO | ✔ interactions.csv 생성 완료 (0.19s)
2025-08-16 18:44:30,503 | INFO | ▶ 유저 피처 인코딩 시작
2025-08-16 18:44:30,555 | INFO | ✔ 유저 피처 인코딩 완료 (0.05s)
2025-08-16 18:44:30,556 | INFO | ▶ 프로젝트 피처 인코딩 시작
2025-08-16 18:44:30,603 | INFO | ✔ 프로젝트 피처 인코딩 완료 (0.05s)
2025-08-16 18:44:30,604 | INFO | ▶ 모델 학습 시작
2025-08-16 18:44:37,824 | INFO | ✔ 모델 학습 완료 (7.22s)
2025-08-16 18:44:37,825 | INFO | ▶ 추론 → Redis 캐시 업데이트 시작
2025-08-16 18:44:38,126 | INFO | ✔ 추론 → Redis 캐시 업데이트 완료 (0.30s)
2025-08-16 18:44:38,133 | INFO | Redis 샘플 키 'recs:0' zcard=12
2025-08-16 18:44:38,133 | INFO | 종료
2025-09-12 04:54:37,536 | INFO | DB/Redis 연결 점검...
2025-09-12 04:54:37,809 | INFO | DB/Redis OK
2025-09-12 04:54:37,809 | INFO | ▶ 메인 DB → AI DB 적재 시작
2025-09-12 04:54:38,375 | INFO | ✔ 메인 DB → AI DB 적재 완료 (0.57s)
2025-09-12 04:54:38,375 | INFO | ▶ interactions.csv 생성 시작
2025-09-12 04:54:38,417 | INFO | ✔ interactions.csv 생성 완료 (0.04s)
2025-09-12 04:54:38,417 | INFO | ▶ 유저 피처 인코딩 시작
2025-09-12 04:54:38,472 | INFO | ✔ 유저 피처 인코딩 완료 (0.06s)
2025-09-12 04:54:38,473 | INFO | ▶ 프로젝트 피처 인코딩 시작
2025-09-12 04:54:38,521 | INFO | ✔ 프로젝트 피처 인코딩 완료 (0.05s)
2025-09-12 04:54:38,521 | INFO | ▶ 모델 학습 시작
2025-09-12 04:54:41,874 | INFO | ✔ 모델 학습 완료 (3.35s)
2025-09-12 04:54:41,874 | INFO | ▶ 추론 → Redis 캐시 업데이트 시작
2025-09-12 04:54:41,887 | ERROR | ✖ 추론 → Redis 캐시 업데이트 실패: Error(s) in loading state_dict for FeatureDeepRec:
	Missing key(s) in state_dict: "user_id_emb.weight", "item_id_emb.weight", "user_feat_fc.0.weight", "user_feat_fc.0.bias", "user_feat_fc.2.weight", "user_feat_fc.2.bias", "user_feat_fc.2.running_mean", "user_feat_fc.2.running_var", "user_feat_fc.4.weight", "user_feat_fc.4.bias", "item_feat_fc.0.weight", "item_feat_fc.0.bias", "item_feat_fc.2.weight", "item_feat_fc.2.bias", "item_feat_fc.2.running_mean", "item_feat_fc.2.running_var", "item_feat_fc.4.weight", "item_feat_fc.4.bias", "pre_mlp_norm.weight", "pre_mlp_norm.bias", "mlp.0.weight", "mlp.0.bias", "mlp.2.weight", "mlp.2.bias", "mlp.2.running_mean", "mlp.2.running_var", "mlp.4.weight", "mlp.4.bias", "mlp.6.weight", "mlp.6.bias", "mlp.6.running_mean", "mlp.6.running_var", "mlp.8.weight", "mlp.8.bias". 
	Unexpected key(s) in state_dict: "model_state_dict", "optimizer_state_dict", "scaler_state_dict", "epoch", "val_loss". 
Traceback (most recent call last):
  File "E:\pycharm\Sandwich_git\Sandwich\ai\src\pipeline\run_once.py", line 87, in run_step
    fn()
  File "E:\pycharm\Sandwich_git\Sandwich\ai\src\model\inference.py", line 172, in main
    _, Ue, Ie, U_sum = load_model_and_feats(dev)
  File "E:\pycharm\Sandwich_git\Sandwich\ai\src\model\inference.py", line 53, in load_model_and_feats
    model.load_state_dict(ckpt["state_dict"] if "state_dict" in ckpt else ckpt)
  File "E:\pycharm\Sandwich_git\Sandwich\ai\.venv\lib\site-packages\torch\nn\modules\module.py", line 2593, in load_state_dict
    raise RuntimeError(
RuntimeError: Error(s) in loading state_dict for FeatureDeepRec:
	Missing key(s) in state_dict: "user_id_emb.weight", "item_id_emb.weight", "user_feat_fc.0.weight", "user_feat_fc.0.bias", "user_feat_fc.2.weight", "user_feat_fc.2.bias", "user_feat_fc.2.running_mean", "user_feat_fc.2.running_var", "user_feat_fc.4.weight", "user_feat_fc.4.bias", "item_feat_fc.0.weight", "item_feat_fc.0.bias", "item_feat_fc.2.weight", "item_feat_fc.2.bias", "item_feat_fc.2.running_mean", "item_feat_fc.2.running_var", "item_feat_fc.4.weight", "item_feat_fc.4.bias", "pre_mlp_norm.weight", "pre_mlp_norm.bias", "mlp.0.weight", "mlp.0.bias", "mlp.2.weight", "mlp.2.bias", "mlp.2.running_mean", "mlp.2.running_var", "mlp.4.weight", "mlp.4.bias", "mlp.6.weight", "mlp.6.bias", "mlp.6.running_mean", "mlp.6.running_var", "mlp.8.weight", "mlp.8.bias". 
	Unexpected key(s) in state_dict: "model_state_dict", "optimizer_state_dict", "scaler_state_dict", "epoch", "val_loss". 
2025-09-12 04:56:58,859 | INFO | DB/Redis 연결 점검...
2025-09-12 04:56:58,987 | INFO | DB/Redis OK
2025-09-12 04:56:58,988 | INFO | ▶ 메인 DB → AI DB 적재 시작
2025-09-12 04:56:59,626 | INFO | ✔ 메인 DB → AI DB 적재 완료 (0.64s)
2025-09-12 04:56:59,626 | INFO | ▶ interactions.csv 생성 시작
2025-09-12 04:56:59,666 | INFO | ✔ interactions.csv 생성 완료 (0.04s)
2025-09-12 04:56:59,666 | INFO | ▶ 유저 피처 인코딩 시작
2025-09-12 04:56:59,721 | INFO | ✔ 유저 피처 인코딩 완료 (0.06s)
2025-09-12 04:56:59,721 | INFO | ▶ 프로젝트 피처 인코딩 시작
2025-09-12 04:56:59,756 | INFO | ✔ 프로젝트 피처 인코딩 완료 (0.04s)
2025-09-12 04:56:59,757 | INFO | ▶ 모델 학습 시작
2025-09-12 04:57:02,767 | INFO | ✔ 모델 학습 완료 (3.01s)
2025-09-12 04:57:02,767 | INFO | ▶ 추론 → Redis 캐시 업데이트 시작
2025-09-12 04:57:03,066 | INFO | ✔ 추론 → Redis 캐시 업데이트 완료 (0.30s)
2025-09-12 04:57:03,071 | INFO | Redis 샘플 키 'recs:0' zcard=17
2025-09-12 04:57:03,071 | INFO | 종료
2025-09-12 13:22:34,379 | INFO | [TRAIN] data_root=E:\pycharm\Sandwich_git\Sandwich\ai\data\apps epochs=2 batch_size=64 ctx=512
2025-09-12 16:38:11,851 | INFO | DB/Redis 연결 점검...
2025-09-12 16:39:04,432 | INFO | DB/Redis 연결 점검...
2025-09-12 16:39:04,660 | INFO | DB/Redis OK
2025-09-12 16:39:04,660 | INFO | ▶ 메인 DB → AI DB 적재 시작
2025-09-12 16:39:05,365 | INFO | ✔ 메인 DB → AI DB 적재 완료 (0.71s)
2025-09-12 16:39:05,366 | INFO | ▶ interactions.csv 생성 시작
2025-09-12 16:39:05,411 | INFO | ✔ interactions.csv 생성 완료 (0.04s)
2025-09-12 16:39:05,411 | INFO | ▶ 유저 피처 인코딩 시작
2025-09-12 16:39:05,459 | INFO | ✔ 유저 피처 인코딩 완료 (0.05s)
2025-09-12 16:39:05,459 | INFO | ▶ 프로젝트 피처 인코딩 시작
2025-09-12 16:39:05,498 | INFO | ✔ 프로젝트 피처 인코딩 완료 (0.04s)
2025-09-12 16:39:05,498 | INFO | ▶ 모델 학습 시작
2025-09-12 16:39:08,912 | INFO | ✔ 모델 학습 완료 (3.41s)
2025-09-12 16:39:08,912 | INFO | ▶ 추론 → Redis 캐시 업데이트 시작
2025-09-12 16:39:09,237 | INFO | ✔ 추론 → Redis 캐시 업데이트 완료 (0.32s)
2025-09-12 16:39:09,242 | INFO | Redis 샘플 키 'recs:0' zcard=17
2025-09-12 16:39:09,243 | INFO | 종료
2025-09-12 16:54:01,014 | INFO | DB/Redis 연결 점검...
2025-09-12 16:54:01,139 | INFO | DB/Redis OK
2025-09-12 16:54:01,139 | INFO | ▶ 메인 DB → AI DB 적재 시작
2025-09-12 16:54:01,587 | INFO | ✔ 메인 DB → AI DB 적재 완료 (0.45s)
2025-09-12 16:54:01,587 | INFO | ▶ interactions.csv 생성 시작
2025-09-12 16:54:01,632 | INFO | ✔ interactions.csv 생성 완료 (0.04s)
2025-09-12 16:54:01,632 | INFO | ▶ 유저 피처 인코딩 시작
2025-09-12 16:54:01,672 | INFO | ✔ 유저 피처 인코딩 완료 (0.04s)
2025-09-12 16:54:01,672 | INFO | ▶ 프로젝트 피처 인코딩 시작
2025-09-12 16:54:01,712 | INFO | ✔ 프로젝트 피처 인코딩 완료 (0.04s)
2025-09-12 16:54:01,712 | INFO | ▶ 모델 학습 시작
2025-09-12 16:54:04,330 | INFO | ✔ 모델 학습 완료 (2.62s)
2025-09-12 16:54:04,331 | INFO | ▶ 추론 → Redis 캐시 업데이트 시작
2025-09-12 16:54:04,477 | INFO | ✔ 추론 → Redis 캐시 업데이트 완료 (0.14s)
2025-09-12 16:54:04,481 | INFO | Redis 샘플 키 'recs:0' zcard=17
2025-09-12 16:54:04,481 | INFO | 종료
2025-09-15 14:11:22,761 | INFO | DB/Redis 연결 점검...
2025-09-15 14:11:22,925 | INFO | DB/Redis OK
2025-09-15 14:11:22,926 | INFO | ▶ 메인 DB → AI DB 적재 시작
2025-09-15 14:11:23,490 | INFO | ✔ 메인 DB → AI DB 적재 완료 (0.56s)
2025-09-15 14:11:23,490 | INFO | ▶ interactions.csv 생성 시작
2025-09-15 14:11:23,543 | INFO | ✔ interactions.csv 생성 완료 (0.05s)
2025-09-15 14:11:23,543 | INFO | ▶ 유저 피처 인코딩 시작
2025-09-15 14:11:23,606 | INFO | ✔ 유저 피처 인코딩 완료 (0.06s)
2025-09-15 14:11:23,606 | INFO | ▶ 프로젝트 피처 인코딩 시작
2025-09-15 14:11:23,664 | INFO | ✔ 프로젝트 피처 인코딩 완료 (0.06s)
2025-09-15 14:11:23,665 | INFO | ▶ 모델 학습 시작
2025-09-15 14:11:27,285 | INFO | ✔ 모델 학습 완료 (3.62s)
2025-09-15 14:11:27,286 | INFO | ▶ 추론 → Redis 캐시 업데이트 시작
2025-09-15 14:11:27,496 | INFO | ✔ 추론 → Redis 캐시 업데이트 완료 (0.21s)
2025-09-15 14:11:27,505 | INFO | Redis 샘플 키 'recs:0' zcard=17
2025-09-15 14:11:27,506 | INFO | 종료
2025-09-15 14:30:16,201 | INFO | DB/Redis 연결 점검...
2025-09-15 14:30:16,330 | INFO | DB/Redis OK
2025-09-15 14:30:16,331 | INFO | ▶ 메인 DB → AI DB 적재 시작
2025-09-15 14:30:16,765 | INFO | ✔ 메인 DB → AI DB 적재 완료 (0.43s)
2025-09-15 14:30:16,765 | INFO | ▶ interactions.csv 생성 시작
2025-09-15 14:30:16,805 | INFO | ✔ interactions.csv 생성 완료 (0.04s)
2025-09-15 14:30:16,805 | INFO | ▶ 유저 피처 인코딩 시작
2025-09-15 14:30:16,843 | INFO | ✔ 유저 피처 인코딩 완료 (0.04s)
2025-09-15 14:30:16,843 | INFO | ▶ 프로젝트 피처 인코딩 시작
2025-09-15 14:30:16,889 | INFO | ✔ 프로젝트 피처 인코딩 완료 (0.05s)
2025-09-15 14:30:16,889 | INFO | ▶ 모델 학습 시작
2025-09-15 14:30:19,192 | INFO | ✔ 모델 학습 완료 (2.30s)
2025-09-15 14:30:19,192 | INFO | ▶ 추론 → Redis 캐시 업데이트 시작
2025-09-15 14:30:19,340 | INFO | ✔ 추론 → Redis 캐시 업데이트 완료 (0.15s)
2025-09-15 14:30:19,347 | INFO | Redis 샘플 키 'recs:0' zcard=17
2025-09-15 14:30:19,348 | INFO | 종료
2025-09-15 14:30:35,563 | INFO | DB/Redis 연결 점검...
2025-09-15 14:30:35,676 | INFO | DB/Redis OK
2025-09-15 14:30:35,676 | INFO | ▶ 메인 DB → AI DB 적재 시작
2025-09-15 14:30:36,145 | INFO | ✔ 메인 DB → AI DB 적재 완료 (0.47s)
2025-09-15 14:30:36,145 | INFO | ▶ interactions.csv 생성 시작
2025-09-15 14:30:36,193 | INFO | ✔ interactions.csv 생성 완료 (0.05s)
2025-09-15 14:30:36,193 | INFO | ▶ 유저 피처 인코딩 시작
2025-09-15 14:30:36,232 | INFO | ✔ 유저 피처 인코딩 완료 (0.04s)
2025-09-15 14:30:36,232 | INFO | ▶ 프로젝트 피처 인코딩 시작
2025-09-15 14:30:36,267 | INFO | ✔ 프로젝트 피처 인코딩 완료 (0.04s)
2025-09-15 14:30:36,268 | INFO | ▶ 모델 학습 시작
2025-09-15 14:30:38,796 | INFO | ✔ 모델 학습 완료 (2.53s)
2025-09-15 14:30:38,796 | INFO | ▶ 추론 → Redis 캐시 업데이트 시작
2025-09-15 14:30:38,970 | INFO | ✔ 추론 → Redis 캐시 업데이트 완료 (0.17s)
2025-09-15 14:30:38,976 | INFO | Redis 샘플 키 'recs:0' zcard=17
2025-09-15 14:30:38,977 | INFO | 종료
2025-09-15 14:31:13,368 | INFO | DB/Redis 연결 점검...
2025-09-15 14:31:13,497 | INFO | DB/Redis OK
2025-09-15 14:31:13,498 | INFO | ▶ 메인 DB → AI DB 적재 시작
2025-09-15 14:31:13,935 | INFO | ✔ 메인 DB → AI DB 적재 완료 (0.44s)
2025-09-15 14:31:13,936 | INFO | ▶ interactions.csv 생성 시작
2025-09-15 14:31:13,983 | INFO | ✔ interactions.csv 생성 완료 (0.05s)
2025-09-15 14:31:13,983 | INFO | ▶ 유저 피처 인코딩 시작
2025-09-15 14:31:14,030 | INFO | ✔ 유저 피처 인코딩 완료 (0.05s)
2025-09-15 14:31:14,030 | INFO | ▶ 프로젝트 피처 인코딩 시작
2025-09-15 14:31:14,068 | INFO | ✔ 프로젝트 피처 인코딩 완료 (0.04s)
2025-09-15 14:31:14,068 | INFO | ▶ 모델 학습 시작
2025-09-15 14:31:16,613 | INFO | ✔ 모델 학습 완료 (2.55s)
2025-09-15 14:31:16,613 | INFO | ▶ 추론 → Redis 캐시 업데이트 시작
2025-09-15 14:31:16,777 | INFO | ✔ 추론 → Redis 캐시 업데이트 완료 (0.16s)
2025-09-15 14:31:16,784 | INFO | Redis 샘플 키 'recs:0' zcard=17
2025-09-15 14:31:16,784 | INFO | 종료
2025-09-15 15:40:01,283 | INFO | DB/Redis 연결 점검...
2025-09-15 15:40:01,417 | INFO | DB/Redis OK
2025-09-15 15:40:01,417 | INFO | ▶ 메인 DB → AI DB 적재 시작
2025-09-15 15:40:01,955 | INFO | ✔ 메인 DB → AI DB 적재 완료 (0.54s)
2025-09-15 15:40:01,955 | INFO | ▶ interactions.csv 생성 시작
2025-09-15 15:40:01,998 | INFO | ✔ interactions.csv 생성 완료 (0.04s)
2025-09-15 15:40:01,998 | INFO | ▶ 유저 피처 인코딩 시작
2025-09-15 15:40:02,045 | INFO | ✔ 유저 피처 인코딩 완료 (0.05s)
2025-09-15 15:40:02,045 | INFO | ▶ 프로젝트 피처 인코딩 시작
2025-09-15 15:40:02,082 | INFO | ✔ 프로젝트 피처 인코딩 완료 (0.04s)
2025-09-15 15:40:02,082 | INFO | ▶ 모델 학습 시작
2025-09-15 15:40:04,389 | INFO | ✔ 모델 학습 완료 (2.31s)
2025-09-15 15:40:04,390 | INFO | ▶ 추론 → Redis 캐시 업데이트 시작
2025-09-15 15:40:04,536 | ERROR | ✖ 추론 → Redis 캐시 업데이트 실패: '9201'
Traceback (most recent call last):
  File "E:\pycharm\Sandwich_git\Sandwich\ai\src\pipeline\run_once.py", line 87, in run_step
    fn()
  File "E:\pycharm\Sandwich_git\Sandwich\ai\src\model\inference.py", line 194, in main
    pop_arr, rec_arr = load_fallback_arrays()
  File "E:\pycharm\Sandwich_git\Sandwich\ai\src\model\inference.py", line 127, in load_fallback_arrays
    rec_arr[p2i[pid]] = math.exp(-lam * max(0.0, now - ts)) if ts else 0.0
KeyError: '9201'
2025-09-15 15:46:14,437 | INFO | DB/Redis 연결 점검...
2025-09-15 15:46:14,559 | INFO | DB/Redis OK
2025-09-15 15:46:14,559 | INFO | ▶ 메인 DB → AI DB 적재 시작
2025-09-15 15:46:15,052 | INFO | ✔ 메인 DB → AI DB 적재 완료 (0.49s)
2025-09-15 15:46:15,052 | INFO | ▶ interactions.csv 생성 시작
2025-09-15 15:46:15,106 | INFO | ✔ interactions.csv 생성 완료 (0.05s)
2025-09-15 15:46:15,107 | INFO | ▶ 유저 피처 인코딩 시작
2025-09-15 15:46:15,148 | INFO | ✔ 유저 피처 인코딩 완료 (0.04s)
2025-09-15 15:46:15,148 | INFO | ▶ 프로젝트 피처 인코딩 시작
2025-09-15 15:46:15,196 | INFO | ✔ 프로젝트 피처 인코딩 완료 (0.05s)
2025-09-15 15:46:15,197 | INFO | ▶ 모델 학습 시작
2025-09-15 15:46:17,532 | INFO | ✔ 모델 학습 완료 (2.33s)
2025-09-15 15:46:17,532 | INFO | ▶ 추론 → Redis 캐시 업데이트 시작
2025-09-15 15:46:17,812 | INFO | ✔ 추론 → Redis 캐시 업데이트 완료 (0.28s)
2025-09-15 15:46:17,819 | INFO | Redis 샘플 키 'recs:0' zcard=26
2025-09-15 15:46:17,819 | INFO | 종료
