2025-08-11 01:37:43,899 | INFO | running pipeline…
2025-08-11 01:37:51,669 | INFO | DB/Redis 연결 점검...
2025-08-11 01:37:52,013 | INFO | DB/Redis OK
2025-08-11 01:37:52,014 | INFO | ▶ 메인 DB → AI DB 적재 시작
2025-08-11 01:37:52,587 | INFO | ✔ 메인 DB → AI DB 적재 완료 (0.57s)
2025-08-11 01:37:52,587 | INFO | ▶ interactions.csv 생성 시작
2025-08-11 01:37:52,707 | INFO | ✔ interactions.csv 생성 완료 (0.12s)
2025-08-11 01:37:52,707 | INFO | ▶ 유저 피처 인코딩 시작
2025-08-11 01:37:52,752 | INFO | ✔ 유저 피처 인코딩 완료 (0.05s)
2025-08-11 01:37:52,752 | INFO | ▶ 프로젝트 피처 인코딩 시작
2025-08-11 01:37:52,792 | INFO | ✔ 프로젝트 피처 인코딩 완료 (0.04s)
2025-08-11 01:37:52,793 | INFO | ▶ 모델 학습 시작
2025-08-11 01:37:57,153 | INFO | ✔ 모델 학습 완료 (4.36s)
2025-08-11 01:37:57,154 | INFO | ▶ 추론 → Redis 캐시 업데이트 시작
2025-08-11 01:37:57,277 | INFO | ✔ 추론 → Redis 캐시 업데이트 완료 (0.12s)
2025-08-11 01:37:57,284 | INFO | Redis 샘플 키 'recs:0' zcard=12
2025-08-11 01:37:57,284 | INFO | 종료
2025-08-11 01:37:57,284 | INFO | pipeline finished.
2025-08-11 01:38:25,387 | INFO | received signal 2. will stop after current cycle…
2025-08-11 16:58:19,064 | INFO | running pipeline…
2025-08-11 16:58:29,339 | INFO | DB/Redis 연결 점검...
2025-08-11 16:58:29,482 | INFO | DB/Redis OK
2025-08-11 16:58:29,482 | INFO | ▶ 메인 DB → AI DB 적재 시작
2025-08-11 16:58:29,901 | INFO | ✔ 메인 DB → AI DB 적재 완료 (0.42s)
2025-08-11 16:58:29,902 | INFO | ▶ interactions.csv 생성 시작
2025-08-11 16:58:30,017 | INFO | ✔ interactions.csv 생성 완료 (0.12s)
2025-08-11 16:58:30,017 | INFO | ▶ 유저 피처 인코딩 시작
2025-08-11 16:58:30,062 | INFO | ✔ 유저 피처 인코딩 완료 (0.04s)
2025-08-11 16:58:30,062 | INFO | ▶ 프로젝트 피처 인코딩 시작
2025-08-11 16:58:30,099 | INFO | ✔ 프로젝트 피처 인코딩 완료 (0.04s)
2025-08-11 16:58:30,100 | INFO | ▶ 모델 학습 시작
2025-08-11 16:58:36,203 | INFO | ✔ 모델 학습 완료 (6.10s)
2025-08-11 16:58:36,203 | INFO | ▶ 추론 → Redis 캐시 업데이트 시작
2025-08-11 16:58:36,259 | INFO | ✔ 추론 → Redis 캐시 업데이트 완료 (0.06s)
2025-08-11 16:58:36,265 | INFO | Redis 샘플 키 'recs:0' zcard=12
2025-08-11 16:58:36,265 | INFO | 종료
2025-08-11 16:58:36,266 | INFO | pipeline finished.
2025-08-11 16:59:15,011 | INFO | received signal 2. will stop after current cycle…
